  Checking Build System
  CMake is re-running because C:/Users/romai/OneDrive/Documents/School/4A/TSI/TP/TSI_projet/projet_tsi/build/extern/glew/CMakeFiles/generate.stamp is out-of-date.
    the file 'C:/Users/romai/OneDrive/Documents/School/4A/TSI/TP/TSI_projet/projet_tsi/extern/glew/CMakeLists.txt'
    is newer than 'C:/Users/romai/OneDrive/Documents/School/4A/TSI/TP/TSI_projet/projet_tsi/build/extern/glew/CMakeFiles/generate.stamp.depend'
    result='-1'
  -- Selecting Windows SDK version 10.0.19041.0 to target Windows 10.0.22000.
  -- Could NOT find GLEW (missing: GLEW_INCLUDE_DIRS GLEW_LIBRARIES) 
  CMake Warning at CMakeLists.txt:16 (message):
    Glew not found, manual compilation of glew added to the project
  
  
  CMake Warning at extern/glew/CMakeLists.txt:4 (message):
    !!!!!!! GLEW CMAKE !!!!!!!!!
  
  
  -- Could NOT find PkgConfig (missing: PKG_CONFIG_EXECUTABLE) 
  -- Could NOT find GLUT (missing: GLUT_glut_LIBRARY GLUT_INCLUDE_DIR) 
  CMake Warning at CMakeLists.txt:32 (message):
    Glut not found, manual compilation of Glut added to the project
  
  
  CMake Warning at extern/freeglut/CMakeLists.txt:5 (message):
    !!!!!!! FREEGLUT CMAKE !!!!!!!!!
  
  
  Building tools library
   Source files
    C:/Users/romai/OneDrive/Documents/School/4A/TSI/TP/TSI_projet/projet_tsi/tools/format/mesh_io_obj.cpp
    C:/Users/romai/OneDrive/Documents/School/4A/TSI/TP/TSI_projet/projet_tsi/tools/format/mesh_io_off.cpp
    C:/Users/romai/OneDrive/Documents/School/4A/TSI/TP/TSI_projet/projet_tsi/tools/glhelper.cpp
    C:/Users/romai/OneDrive/Documents/School/4A/TSI/TP/TSI_projet/projet_tsi/tools/mat4.cpp
    C:/Users/romai/OneDrive/Documents/School/4A/TSI/TP/TSI_projet/projet_tsi/tools/mesh.cpp
    C:/Users/romai/OneDrive/Documents/School/4A/TSI/TP/TSI_projet/projet_tsi/tools/tga.cpp
    C:/Users/romai/OneDrive/Documents/School/4A/TSI/TP/TSI_projet/projet_tsi/tools/triangle_index.cpp
    C:/Users/romai/OneDrive/Documents/School/4A/TSI/TP/TSI_projet/projet_tsi/tools/vec2.cpp
    C:/Users/romai/OneDrive/Documents/School/4A/TSI/TP/TSI_projet/projet_tsi/tools/vec3.cpp
    C:/Users/romai/OneDrive/Documents/School/4A/TSI/TP/TSI_projet/projet_tsi/tools/vertex_opengl.cpp
   Header files
    C:/Users/romai/OneDrive/Documents/School/4A/TSI/TP/TSI_projet/projet_tsi/tools/format/mesh_io_obj.hpp
    C:/Users/romai/OneDrive/Documents/School/4A/TSI/TP/TSI_projet/projet_tsi/tools/format/mesh_io_off.hpp
    C:/Users/romai/OneDrive/Documents/School/4A/TSI/TP/TSI_projet/projet_tsi/tools/glhelper.hpp
    C:/Users/romai/OneDrive/Documents/School/4A/TSI/TP/TSI_projet/projet_tsi/tools/image.hpp
    C:/Users/romai/OneDrive/Documents/School/4A/TSI/TP/TSI_projet/projet_tsi/tools/mat4.hpp
    C:/Users/romai/OneDrive/Documents/School/4A/TSI/TP/TSI_projet/projet_tsi/tools/mesh.hpp
    C:/Users/romai/OneDrive/Documents/School/4A/TSI/TP/TSI_projet/projet_tsi/tools/stb_image.h
    C:/Users/romai/OneDrive/Documents/School/4A/TSI/TP/TSI_projet/projet_tsi/tools/triangle_index.hpp
    C:/Users/romai/OneDrive/Documents/School/4A/TSI/TP/TSI_projet/projet_tsi/tools/vec2.hpp
    C:/Users/romai/OneDrive/Documents/School/4A/TSI/TP/TSI_projet/projet_tsi/tools/vec3.hpp
    C:/Users/romai/OneDrive/Documents/School/4A/TSI/TP/TSI_projet/projet_tsi/tools/vertex_opengl.hpp
   Source files
    C:/Users/romai/OneDrive/Documents/School/4A/TSI/TP/TSI_projet/projet_tsi/src/main.cpp
   Header files
    C:/Users/romai/OneDrive/Documents/School/4A/TSI/TP/TSI_projet/projet_tsi/src/declaration.h
   Shader files
    C:/Users/romai/OneDrive/Documents/School/4A/TSI/TP/TSI_projet/projet_tsi/shaders/gui.frag
    C:/Users/romai/OneDrive/Documents/School/4A/TSI/TP/TSI_projet/projet_tsi/shaders/gui.vert
    C:/Users/romai/OneDrive/Documents/School/4A/TSI/TP/TSI_projet/projet_tsi/shaders/shader.frag
    C:/Users/romai/OneDrive/Documents/School/4A/TSI/TP/TSI_projet/projet_tsi/shaders/shader.vert
  -- Configuring done
  -- Generating done
  -- Build files have been written to: C:/Users/romai/OneDrive/Documents/School/4A/TSI/TP/TSI_projet/projet_tsi/build
